WARNING: Could not find '/home/progged-ish/projects/shanes-scraper/config/smtp_config.json'. Emailing will be disabled.
Starting Shane's Super Top Secret Discussion Scraper v6.0.0
Execution started at: 2026-04-07 11:23:03 UTC
Fetching discussion for YVR...
Fetching discussion for YYC...
Fetching discussion for YWG...
Fetching discussion for YYZ...
Fetching discussion for YUL...
Fetching discussion for YHZ...
Fetching discussion for EKA...
Fetching discussion for MTR...
Fetching discussion for STO...
Fetching discussion for HNX...
Fetching discussion for LOX...
Fetching discussion for SGX...
Fetching discussion for PQR...
Fetching discussion for PDT...
Fetching discussion for MFR...
Fetching discussion for SEW...
Fetching discussion for OTX...
Fetching discussion for ANC...
Fetching discussion for FAI...
Fetching discussion for JNU...
Fetching discussion for HFO...
Fetching discussion for BOI...
Fetching discussion for PIH...
Fetching discussion for REV...
Fetching discussion for LKN...
Fetching discussion for VEF...
Fetching discussion for SLC...
Fetching discussion for FGZ...
Fetching discussion for PSR...
Fetching discussion for TWC...
Fetching discussion for TFX...
Fetching discussion for GGW...
Fetching discussion for BYZ...
Fetching discussion for MSO...
Fetching discussion for RIW...
Fetching discussion for CYS...
Fetching discussion for BOU...
Fetching discussion for GJT...
Fetching discussion for PUB...
Fetching discussion for ABQ...
Fetching discussion for BIS...
Fetching discussion for FGF...
Fetching discussion for ABR...
Fetching discussion for FSD...
Fetching discussion for UNR...
Fetching discussion for GID...
Fetching discussion for LBF...
Fetching discussion for OAX...
Fetching discussion for DDC...
Fetching discussion for GLD...
Fetching discussion for ICT...
Fetching discussion for TOP...
Fetching discussion for OUN...
Fetching discussion for TSA...
Fetching discussion for AMA...
Fetching discussion for FWD...
Fetching discussion for HGX...
Fetching discussion for MAF...
Fetching discussion for SJT...
Fetching discussion for CRP...
Fetching discussion for BRO...
Fetching discussion for EPZ...
Fetching discussion for DLH...
Fetching discussion for MPX...
Fetching discussion for FGF...
Fetching discussion for DMX...
Fetching discussion for DVN...
Fetching discussion for ARX...
Fetching discussion for EAX...
Fetching discussion for LSX...
Fetching discussion for SGF...
Fetching discussion for LZK...
Fetching discussion for SHV...
Fetching discussion for LIX...
Fetching discussion for SHV...
Fetching discussion for ARX...
Fetching discussion for GRB...
Fetching discussion for MKX...
Fetching discussion for ILX...
Fetching discussion for LOT...
Fetching discussion for LSX...
Fetching discussion for APX...
Fetching discussion for DTX...
Fetching discussion for GRR...
Fetching discussion for MQT...
Fetching discussion for IND...
Fetching discussion for IWX...
Fetching discussion for LMK...
Fetching discussion for CLE...
Fetching discussion for ILN...
Fetching discussion for PBZ...
Fetching discussion for JKL...
Fetching discussion for LMK...
Fetching discussion for PAH...
Fetching discussion for OHX...
Fetching discussion for MRX...
Fetching discussion for MEG...
Fetching discussion for JAN...
Fetching discussion for MEG...
Fetching discussion for BMX...
Fetching discussion for HUN...
Fetching discussion for MOB...
Fetching discussion for JAX...
Fetching discussion for KEY...
Fetching discussion for MFL...
Fetching discussion for MLB...
Fetching discussion for TAE...
Fetching discussion for TBW...
Fetching discussion for FFC...
Fetching discussion for JAX...
Fetching discussion for TAE...
Fetching discussion for CHS...
Fetching discussion for GSP...
Fetching discussion for CAE...
Fetching discussion for ILM...
Fetching discussion for RAH...
Fetching discussion for GSP...
Fetching discussion for MHX...
Fetching discussion for ILM...
Fetching discussion for RNK...
Fetching discussion for AKQ...
Fetching discussion for LWX...
Fetching discussion for RNK...
Fetching discussion for RLX...
Fetching discussion for LWX...
Fetching discussion for PBZ...
Fetching discussion for CTP...
Fetching discussion for PHI...
Fetching discussion for PBZ...
Fetching discussion for PHI...
Fetching discussion for OKX...
Fetching discussion for PHI...
Fetching discussion for LWX...
Fetching discussion for ALY...
Fetching discussion for BUF...
Fetching discussion for BGM...
Fetching discussion for OKX...
Fetching discussion for BOX...
Fetching discussion for OKX...
Fetching discussion for BOX...
Fetching discussion for BOX...
Fetching discussion for BTV...
Fetching discussion for ALY...
Fetching discussion for GYX...
Fetching discussion for BOX...
Fetching discussion for GYX...
Fetching discussion for CAR...
Building modern HUD HTML summary...
Synthesizing CONUS-wide outlook...
[WARNING] CONUS synthesis input is 163512 chars - may approach token limits
Successfully saved to /home/progged-ish/projects/shanes-scraper/data/Shane_Synoptic_Summary.txt

============================================================
BOTTLENECK MONITORING REPORT
============================================================
总 fetch time: 32.7s
总 AI time: 293.5s
总 fetch+AI time: 326.1s
总办公室数: 147
总关键词数: 12

无显著延迟办公室 (所有办公室 < 5秒)
