WARNING: Could not find '/home/progged-ish/projects/shanes-scraper/config/smtp_config.json'. Emailing will be disabled.
Starting Shane's Super Top Secret Discussion Scraper v7.0.0
Execution started at: 2026-04-08 00:31:12 UTC
Processing 147 offices in parallel...
[1] Fetching YVR...
[2] Fetching YYC...
[3] Fetching YWG...
[4] Fetching YYZ...
[5] Fetching YUL...
[6] Fetching YHZ...
[7] Fetching EKA...
[8] Fetching MTR...
[9] Fetching STO...
[10] Fetching HNX...
[11] Fetching LOX...
[12] Fetching SGX...
[13] Fetching PQR...
[14] Fetching PDT...
[15] Fetching MFR...
[16] Fetching SEW...
[17] Fetching OTX...
[18] Fetching ANC...
[19] Fetching FAI...
[20] Fetching JNU...
[21] Fetching HFO...
[22] Fetching BOI...
[23] Fetching PIH...
[24] Fetching REV...
[25] Fetching LKN...
[26] Fetching VEF...
[27] Fetching SLC...
[28] Fetching FGZ...
[29] Fetching PSR...
[30] Fetching TWC...
[31] Fetching TFX...
[32] Fetching GGW...
[33] Fetching BYZ...
[34] Fetching MSO...
[35] Fetching RIW...
[36] Fetching CYS...
[37] Fetching BOU...
[38] Fetching GJT...
[39] Fetching PUB...
[40] Fetching ABQ...
[41] Fetching BIS...
[42] Fetching FGF...
[43] Fetching ABR...
[44] Fetching FSD...
[45] Fetching UNR...
[46] Fetching GID...
[47] Fetching LBF...
[48] Fetching OAX...
[49] Fetching DDC...
[50] Fetching GLD...
[51] Fetching ICT...
[52] Fetching TOP...
[53] Fetching OUN...
[54] Fetching TSA...
[55] Fetching AMA...
[56] Fetching FWD...
[57] Fetching HGX...
[58] Fetching MAF...
[59] Fetching SJT...
[60] Fetching CRP...
[61] Fetching BRO...
[62] Fetching EPZ...
[63] Fetching DLH...
[64] Fetching MPX...
[65] Fetching FGF...
[66] Fetching DMX...
[67] Fetching DVN...
[68] Fetching ARX...
[69] Fetching EAX...
[70] Fetching LSX...
[71] Fetching SGF...
[72] Fetching LZK...
[73] Fetching SHV...
[74] Fetching LIX...
[75] Fetching SHV...
[76] Fetching ARX...
[77] Fetching GRB...
[78] Fetching MKX...
[79] Fetching ILX...
[80] Fetching LOT...
[81] Fetching LSX...
[82] Fetching APX...
[83] Fetching DTX...
[84] Fetching GRR...
[85] Fetching MQT...
[86] Fetching IND...
[87] Fetching IWX...
[88] Fetching LMK...
[89] Fetching CLE...
[90] Fetching ILN...
[91] Fetching PBZ...
[92] Fetching JKL...
[93] Fetching LMK...
[94] Fetching PAH...
[95] Fetching OHX...
[96] Fetching MRX...
[97] Fetching MEG...
[98] Fetching JAN...
[99] Fetching MEG...
[100] Fetching BMX...
[101] Fetching HUN...
[102] Fetching MOB...
[103] Fetching JAX...
[104] Fetching KEY...
[105] Fetching MFL...
[106] Fetching MLB...
[107] Fetching TAE...
[108] Fetching TBW...
[109] Fetching FFC...
[110] Fetching JAX...
[111] Fetching TAE...
[112] Fetching CHS...
[113] Fetching GSP...
[114] Fetching CAE...
[115] Fetching ILM...
[116] Fetching RAH...
[117] Fetching GSP...
[118] Fetching MHX...
[119] Fetching ILM...
[120] Fetching RNK...
[121] Fetching AKQ...
[122] Fetching LWX...
[123] Fetching RNK...
[124] Fetching RLX...
[125] Fetching LWX...
[126] Fetching PBZ...
[127] Fetching CTP...
[128] Fetching PHI...
[129] Fetching PBZ...
[130] Fetching PHI...
[131] Fetching OKX...
[132] Fetching PHI...
[133] Fetching LWX...
[134] Fetching ALY...
[135] Fetching BUF...
[136] Fetching BGM...
[137] Fetching OKX...
[138] Fetching BOX...
[139] Fetching OKX...
[140] Fetching BOX...
[141] Fetching BOX...
[142] Fetching BTV...
[143] Fetching ALY...
[144] Fetching GYX...
[145] Fetching BOX...
[146] Fetching GYX...
[147] Fetching CAR...
Parallel AI timing: 1292.6s total for 147 offices with valid AI call timing
  Average per office: 8.79s
Generating CONUS summary with regional breakdown...
Building modern HUD HTML summary...
Successfully saved to /home/progged-ish/projects/shanes-scraper/data/Shane_Synoptic_Summary.txt
Skipping email delivery: SMTP configuration not loaded.
Wall-clock duration: 167.4 seconds
